INFO:sim:760 - You can use the CORE Generator IP upgrade flow to upgrade the
   selected IP Block_Memory_Generator v3.1 to a more recent version.
INFO:sim:760 - You can use the CORE Generator IP upgrade flow to upgrade the
   selected IP Block_Memory_Generator v3.1 to a more recent version.
INFO:sim:760 - You can use the CORE Generator IP upgrade flow to upgrade the
   selected IP Fifo_Generator v5.1 to a more recent version.
Project, 'coregen', initialised from file
'D:\SVN\FAIR-VME64ext\trunk\HDL\VME64e_ISE\ipcore_dir\coregen.cgp'.
INFO:sim:760 - You can use the CORE Generator IP upgrade flow to upgrade the
   selected IP Block_Memory_Generator v3.1 to a more recent version.
Initialising IP model...
Finished initialising IP model.
Generating IP...
WARNING:sim:89 - A core named <CR> already exists in the output directory.
   Output products for this core may be overwritten.
Initialising IP model...
Finished initialising IP model.
Initialising IP model...
Finished initialising IP model.
Initialising IP model...
Finished initialising IP model.
XST: HDL Compilation
XST: Design Hierarchy Analysis
XST: HDL Analysis
XST: HDL Synthesis
XST: Advanced HDL Synthesis
XST: Low Level Synthesis
XST: Partition Report
XST: Final Report
Generating Implementation files.
Generating ISE symbol file...
Generating NGC file.
Finished Generation Stage.
Generating IP instantiation template...
Generating the VHDL instantiation template.
Finished generating IP instantiation template.
Generating metadata file...
Finished generating metadata file.
Generating ISE file...
Finished ISE file generation.
Creating readme './tmp/_cg\CR_readme.txt'.
Generating FLIST file...
Finished FLIST file generation.
Preparing output directory...
Finished preparing output directory.
Moving files to output directory...
Finished moving files to output directory
Saved options for project 'coregen'.
