elbread.dll ver. 1.0.5.375 Wed Sep 29 09:46:59 2010


-----------------------------------------------------------------------
Entity                                 | Architecture | Library      
-----------------------------------------------------------------------
vme64xcore_top                         | rtl          | vme64xcore
VME_bus                                | rtl          | vme64xcore
WB_bus                                 | rtl          | vme64xcore
IRQ_controller                         | rtl          | vme64xcore
CR                                     | cr_a         | vme64xcore
CRAM                                   | cram_a       | vme64xcore
FIFO                                   | fifo_a       | vme64xcore
RisEdgeDetection                       | rtl          | vme64xcore
SigInputSampleAndFallingEdgeDetection  | rtl          | vme64xcore
SigInputSampleAndRisingEdgeDetection   | rtl          | vme64xcore
SigInputSampleAndEdgeDetection         | rtl          | vme64xcore
RegInputSample                         | rtl          | vme64xcore
SigInputSample                         | rtl          | vme64xcore
blk_mem_gen_v3_1                       | behavioral   | xilinxcorelib
blk_mem_gen_v3_1_output_stage          | behavioral   | xilinxcorelib
fifo_generator_v5_1                    | behavioral   | xilinxcorelib
fifo_generator_v5_1_bhv_ss             | behavioral   | xilinxcorelib
fifo_generator_v5_1_bhv_as             | behavioral   | xilinxcorelib
fifo_generator_v5_1_bhv_preload0       | behavioral   | xilinxcorelib
---------------------------------------------------------------------

----------------------------------
Package             | Library   
----------------------------------
standard            | std
TEXTIO              | std
std_logic_1164      | ieee
std_logic_arith     | ieee
VME_pack            | vme64xcore
STD_LOGIC_UNSIGNED  | ieee
STD_LOGIC_TEXTIO    | ieee
--------------------------------
